
-------------Run Parameters-------------

Run Info
--coreactant_list: /home/kms6743/Documents/MINE-Database/minedatabase/data/metacyc_rules/metacyc_coreactants.tsv
--rule_name: Metacyc_generalized_0,9_fraction_coverage
--input_cpds: inputs/ymdb_smiles_sanitized_600.csv

Expansion Options
--generations: 1
--processes: 40

General Filter Options
--filter_after_final_gen: False
--react_targets: True
--prune_to_targets: True

Tanimoto Threshold Filter Options
--tani_threshold: 0
--increasing_tani: False

Atomic Composition Filter
--atomic_composition_constraints: {'C': [0, 10]}

Pickaxe Options
--verbose: False
--explicit_h: False
--kekulize: False
--neutralise: True
--image_dir: None
--quiet: True
--indexing: False
----------------------------------------

----------------------------------------
Intializing pickaxe object

Done intializing pickaxe object
----------------------------------------

Warning: could not load compound: Cn1c[nH]c2nc(N)nc(=O)c21
Warning: could not load compound: Nc1nc(=O)c2[nH]c[nH]c2n1
1019 compounds loaded...
(1005 after removing stereochemistry)
250 target compounds loaded

----------------------------------------
Filtering Generation 0

Applying filter: Atomic Composition
Filtering Generation 0 with atomic composition {'C': [0, 10]}.
703 of 1005 compounds remain after applying filter: Atomic Composition--took 0.0s.

Done filtering Generation 0
----------------------------------------

----------------------------------------
Filtering Generation 0

Applying filter: Similarity Cutoff
Filtering Generation 0 with similarity > 0.
Similarity filter progress: 0 percent complete
Similarity filter progress: 10 percent complete
Similarity filter progress: 20 percent complete
Similarity filter progress: 30 percent complete
Similarity filter progress: 40 percent complete
Similarity filter progress: 50 percent complete
Similarity filter progress: 60 percent complete
Similarity filter progress: 70 percent complete
Similarity filter progress: 80 percent complete
Similarity filter progress: 90 percent complete
Similarity filter progress: 100 percent complete
Similarity filter progress: 100 percent complete
703 of 703 compounds selected after Similarity filtering of generation 0 at cutoff of 0. --took 5.67s.

Done filtering Generation 0
----------------------------------------

----------------------------------------
Expanding Generation 1

Generation 1: 0 percent complete
Generation 1: 10 percent complete
Generation 1: 20 percent complete
Generation 1: 30 percent complete
Generation 1: 40 percent complete
Generation 1: 50 percent complete
Generation 1: 60 percent complete
Generation 1: 70 percent complete
Generation 1: 80 percent complete
Generation 1: 90 percent complete
Generation 1: 100 percent complete
Generation 1 finished in 286.0325894355774 s and contains:
		148704 new compounds
		257727 new reactions

Done expanding Generation: 1.
----------------------------------------

----------------------------------------
Pruning to 250 target compounds
Pruned network to 2147 compounds and 3514 reactions based on 250 whitelisted compounds.

Found 170 targets.
Pruning took 0.247758150100708s
----------------------------------------

----------------------------------------
Overall run took 293.06 seconds.
----------------------------------------
