
-------------Run Parameters-------------

Run Info
--coreactant_list: /home/kms6743/Documents/MINE-Database/minedatabase/data/metacyc_rules/metacyc_coreactants.tsv
--rule_name: Metacyc_generalized_0,9_fraction_coverage
--input_cpds: inputs/ymdb_smiles_sanitized_600.csv

Expansion Options
--generations: 3
--processes: 40

General Filter Options
--filter_after_final_gen: False
--react_targets: True
--prune_to_targets: True

Tanimoto Threshold Filter Options
--tani_threshold: 0.8
--increasing_tani: False

Atomic Composition Filter
--atomic_composition_constraints: {'C': [0, 10]}

Pickaxe Options
--verbose: False
--explicit_h: False
--kekulize: False
--neutralise: True
--image_dir: None
--quiet: True
--indexing: False
----------------------------------------

----------------------------------------
Intializing pickaxe object

Done intializing pickaxe object
----------------------------------------

Warning: could not load compound: Cn1c[nH]c2nc(N)nc(=O)c21
Warning: could not load compound: Nc1nc(=O)c2[nH]c[nH]c2n1
1019 compounds loaded...
(1005 after removing stereochemistry)
250 target compounds loaded

----------------------------------------
Filtering Generation 0

Applying filter: Atomic Composition
Filtering Generation 0 with atomic composition {'C': [0, 10]}.
703 of 1005 compounds remain after applying filter: Atomic Composition--took 0.0s.

Done filtering Generation 0
----------------------------------------

----------------------------------------
Filtering Generation 0

Applying filter: Similarity Cutoff
Filtering Generation 0 with similarity > 0.8.
Similarity filter progress: 0 percent complete
Similarity filter progress: 10 percent complete
Similarity filter progress: 20 percent complete
Similarity filter progress: 30 percent complete
Similarity filter progress: 40 percent complete
Similarity filter progress: 50 percent complete
Similarity filter progress: 60 percent complete
Similarity filter progress: 70 percent complete
Similarity filter progress: 80 percent complete
Similarity filter progress: 90 percent complete
Similarity filter progress: 100 percent complete
Similarity filter progress: 100 percent complete
46 of 703 compounds selected after Similarity filtering of generation 0 at cutoff of 0.8. --took 2.74s.

Done filtering Generation 0
----------------------------------------

----------------------------------------
Expanding Generation 1

Generation 1: 0 percent complete
Generation 1: 11 percent complete
Generation 1: 22 percent complete
Generation 1: 33 percent complete
Generation 1: 43 percent complete
Generation 1: 54 percent complete
Generation 1: 65 percent complete
Generation 1: 76 percent complete
Generation 1: 87 percent complete
Generation 1: 98 percent complete
Generation 1 finished in 9.228792428970337 s and contains:
		11648 new compounds
		21077 new reactions

Done expanding Generation: 1.
----------------------------------------

----------------------------------------
Filtering Generation 1

Applying filter: Atomic Composition
Filtering Generation 1 with atomic composition {'C': [0, 10]}.
7139 of 11649 compounds remain after applying filter: Atomic Composition--took 0.07s.

Done filtering Generation 1
----------------------------------------

----------------------------------------
Filtering Generation 1

Applying filter: Similarity Cutoff
Filtering Generation 1 with similarity > 0.8.
Similarity filter progress: 0 percent complete
Similarity filter progress: 10 percent complete
Similarity filter progress: 20 percent complete
Similarity filter progress: 30 percent complete
Similarity filter progress: 40 percent complete
Similarity filter progress: 50 percent complete
Similarity filter progress: 60 percent complete
Similarity filter progress: 70 percent complete
Similarity filter progress: 80 percent complete
Similarity filter progress: 90 percent complete
Similarity filter progress: 100 percent complete
Similarity filter progress: 100 percent complete
610 of 8772 compounds selected after Similarity filtering of generation 1 at cutoff of 0.8. --took 2.97s.

Done filtering Generation 1
----------------------------------------

----------------------------------------
Expanding Generation 2

Generation 2: 0 percent complete
Generation 2: 10 percent complete
Generation 2: 20 percent complete
Generation 2: 30 percent complete
Generation 2: 40 percent complete
Generation 2: 50 percent complete
Generation 2: 60 percent complete
Generation 2: 70 percent complete
Generation 2: 80 percent complete
Generation 2: 90 percent complete
Generation 2 finished in 108.98035836219788 s and contains:
		192994 new compounds
		383057 new reactions

Done expanding Generation: 2.
----------------------------------------

----------------------------------------
Filtering Generation 2

Applying filter: Atomic Composition
Filtering Generation 2 with atomic composition {'C': [0, 10]}.
109098 of 192994 compounds remain after applying filter: Atomic Composition--took 2.85s.

Done filtering Generation 2
----------------------------------------

----------------------------------------
Filtering Generation 2

Applying filter: Similarity Cutoff
Filtering Generation 2 with similarity > 0.8.
Similarity filter progress: 0 percent complete
Similarity filter progress: 10 percent complete
Similarity filter progress: 20 percent complete
Similarity filter progress: 30 percent complete
Similarity filter progress: 40 percent complete
Similarity filter progress: 50 percent complete
Similarity filter progress: 60 percent complete
Similarity filter progress: 70 percent complete
Similarity filter progress: 80 percent complete
Similarity filter progress: 90 percent complete
Similarity filter progress: 100 percent complete
5002 of 136637 compounds selected after Similarity filtering of generation 2 at cutoff of 0.8. --took 11.98s.

Done filtering Generation 2
----------------------------------------

----------------------------------------
Expanding Generation 3

Generation 3: 0 percent complete
Generation 3: 10 percent complete
Generation 3: 20 percent complete
Generation 3: 30 percent complete
Generation 3: 40 percent complete
Generation 3: 50 percent complete
Generation 3: 60 percent complete
Generation 3: 70 percent complete
Generation 3: 80 percent complete
Generation 3: 90 percent complete
Generation 3: 100 percent complete
Generation 3 finished in 6560.150824546814 s and contains:
		2450465 new compounds
		5039610 new reactions

Done expanding Generation: 3.
----------------------------------------

----------------------------------------
Pruning to 250 target compounds
Pruned network to 150623 compounds and 469957 reactions based on 250 whitelisted compounds.

Found 212 targets.
Pruning took 50.065152168273926s
----------------------------------------


----------------------------------------
Writing results to kms_YMDB_cutoff_0,8t Database
----------------------------------------

--------------- Reactions --------------
Writing Reactions: Chunk 0 of 47
Writing Reactions: Chunk 20 of 47
Writing Reactions: Chunk 40 of 47
Wrote Reactions in 17.650985956192017 seconds.
----------------------------------------

--------------- Compounds --------------
Writing Compounds: Chunk 0 of 16
Wrote Compounds in 53.27704453468323 seconds.
----------------------------------------

--------------- Targets ----------------
Writing Targets: Chunk 0 of 1
Wrote Target Compounds in 0.016273021697998047 seconds.
-------------- Operators ---------------
Done with Operators Overall--took 0.5833513736724854 seconds.
----------------------------------------

-------------- Overall ---------------
Finished uploading everything in 71.53123641014099 sec
----------------------------------------

----------------------------------------
Overall run took 6822.12 seconds.
----------------------------------------
