
-------------Run Parameters-------------

Run Info
--coreactant_list: /home/kms6743/Documents/MINE-Database/minedatabase/data/metacyc_rules/metacyc_coreactants.tsv
--rule_name: Metacyc_generalized_100_rules
--input_cpds: ./inputs/ecocyc_smiles_sanitized_600.csv

Expansion Options
--generations: 2
--processes: 20

General Filter Options
--filter_after_final_gen: True
--react_targets: False
--prune_to_targets: False

Metabolomics Filter Options
--met_data_path: ./inputs/sauer_untargeted_peak_list.csv
--met_data_name: Ecoli Suaer Dataset
--possible_adducts: ['[M+F]-', '[M-H]-']
--mass_tolerance: 0.001

Pickaxe Options
--verbose: False
--explicit_h: False
--kekulize: True
--neutralise: True
--quiet: True
--indexing: False
----------------------------------------

----------------------------------------
Intializing pickaxe object

Done intializing pickaxe object
----------------------------------------

1913 compounds loaded
----------------------------------------
Filtering Generation 0

Filtering compounds based on match with metabolomics data.
1896 of 1896 compounds selected after Metabolomics filtering of generation 0--took 0.0s.

Done filtering Generation 0
----------------------------------------

----------------------------------------
Expanding Generation 1

Generation 1: 0 percent complete
Generation 1: 10 percent complete
Generation 1: 20 percent complete
Generation 1: 30 percent complete
Generation 1: 40 percent complete
Generation 1: 50 percent complete
Generation 1: 60 percent complete
Generation 1: 70 percent complete
Generation 1: 80 percent complete
Generation 1: 90 percent complete
Generation 1 finished in 154.4530646800995 s and contains:
		234636 new compounds
		278465 new reactions

Done expanding Generation: 1.
----------------------------------------

----------------------------------------
Filtering Generation 1

Filtering compounds based on match with metabolomics data.
18976 of 234652 compounds selected after Metabolomics filtering of generation 1--took 20.95s.

Done filtering Generation 1
----------------------------------------

----------------------------------------
Expanding Generation 2

Generation 2: 0 percent complete
Generation 2: 10 percent complete
Generation 2: 20 percent complete
Generation 2: 30 percent complete
Generation 2: 40 percent complete
