
-------------Run Parameters-------------

Run Info
--coreactant_list: /home/kms6743/Documents/MINE-Database/minedatabase/data/metacyc_rules/metacyc_coreactants.tsv
--rule_name: Metacyc_generalized_50_rules
--input_cpds: ./inputs/ecocyc_smiles_sanitized_600.csv

Expansion Options
--generations: 2
--processes: 20

General Filter Options
--filter_after_final_gen: True
--react_targets: False
--prune_to_targets: False

Metabolomics Filter Options
--met_data_path: ./inputs/sauer_100to300_r200.csv
--met_data_name: Ecoli Suaer Dataset
--possible_adducts: ['[M+F]-', '[M-H]-']
--mass_tolerance: 0.001

Atomic Composition Filter
--atomic_composition_constraints: {'C': [0, 10]}

Pickaxe Options
--verbose: False
--explicit_h: False
--kekulize: True
--neutralise: True
--quiet: True
--indexing: False
----------------------------------------

----------------------------------------
Intializing pickaxe object

Done intializing pickaxe object
----------------------------------------

1913 compounds loaded
No target file given
----------------------------------------
Filtering Generation 0

Applying filter: Atomic Composition
Filtering Generation 0 with atomic composition {'C': [0, 10]}.
1340 of 1896 compounds remain after applying filter: Atomic Composition--took 0.0s.

Done filtering Generation 0
----------------------------------------

----------------------------------------
Filtering Generation 0

Filtering compounds based on match with metabolomics data.
1340 of 1340 compounds selected after Metabolomics filtering of generation 0--took 0.0s.

Done filtering Generation 0
----------------------------------------

----------------------------------------
Expanding Generation 1

Generation 1: 0 percent complete
Generation 1: 10 percent complete
Generation 1: 20 percent complete
Generation 1: 30 percent complete
Generation 1: 40 percent complete
Generation 1: 50 percent complete
Generation 1: 60 percent complete
Generation 1: 70 percent complete
Generation 1: 80 percent complete
Generation 1: 90 percent complete
Generation 1 finished in 40.67359256744385 s and contains:
		50090 new compounds
		64186 new reactions

Done expanding Generation: 1.
----------------------------------------

----------------------------------------
Filtering Generation 1

Applying filter: Atomic Composition
Filtering Generation 1 with atomic composition {'C': [0, 10]}.
38242 of 50104 compounds remain after applying filter: Atomic Composition--took 0.25s.

Done filtering Generation 1
----------------------------------------

----------------------------------------
Filtering Generation 1

Filtering compounds based on match with metabolomics data.
1144 of 39058 compounds selected after Metabolomics filtering of generation 1--took 3.06s.

Done filtering Generation 1
----------------------------------------

----------------------------------------
Expanding Generation 2

Generation 2: 0 percent complete
Generation 2: 10 percent complete
Generation 2: 20 percent complete
Generation 2: 30 percent complete
Generation 2: 40 percent complete
Generation 2: 50 percent complete
Generation 2: 60 percent complete
Generation 2: 70 percent complete
Generation 2: 80 percent complete
Generation 2: 90 percent complete
Generation 2: 100 percent complete
Generation 2 finished in 45.49337100982666 s and contains:
		52850 new compounds
		77872 new reactions

Done expanding Generation: 2.
----------------------------------------

----------------------------------------
Filtering Generation 2

Applying filter: Atomic Composition
Filtering Generation 2 with atomic composition {'C': [0, 10]}.
39153 of 52850 compounds remain after applying filter: Atomic Composition--took 0.31s.

Done filtering Generation 2
----------------------------------------

----------------------------------------
Filtering Generation 2

Filtering compounds based on match with metabolomics data.
12865 of 40462 compounds selected after Metabolomics filtering of generation 2--took 3.21s.

Done filtering Generation 2
----------------------------------------

----------------------------------------
Overall run took 95.81 seconds.
----------------------------------------
