
-------------Run Parameters-------------

Run Info
--coreactant_list: /home/kms6743/Documents/MINE-Database/minedatabase/data/metacyc_rules/metacyc_coreactants.tsv
--rule_name: Metacyc_generalized_50_rules
--input_cpds: ./inputs/ecocyc_smiles_sanitized_600.csv

Expansion Options
--generations: 2
--processes: 20

General Filter Options
--filter_after_final_gen: True
--react_targets: False
--prune_to_targets: False

Metabolomics Filter Options
--met_data_path: ./inputs/sauer_100to300_r200.csv
--met_data_name: Ecoli Suaer Dataset
--possible_adducts: ['[M+F]-', '[M-H]-']
--mass_tolerance: 0.001

Atomic Composition Filter
--atomic_composition_constraints: {'C': [0, 10]}

Pickaxe Options
--verbose: False
--explicit_h: False
--kekulize: True
--neutralise: True
--quiet: True
--indexing: False
----------------------------------------

----------------------------------------
Intializing pickaxe object

Done intializing pickaxe object
----------------------------------------

1912 compounds loaded
No target file given
----------------------------------------
Filtering Generation 0

Applying filter: Atomic Composition
Filtering Generation 0 with atomic composition {'C': [0, 10]}.
1339 of 1895 compounds remain after applying filter: Atomic Composition--took 0.0s.

Done filtering Generation 0
----------------------------------------

----------------------------------------
Filtering Generation 0

Filtering compounds based on match with metabolomics data.
1339 of 1339 compounds selected after Metabolomics filtering of generation 0--took 0.0s.

Done filtering Generation 0
----------------------------------------

----------------------------------------
Expanding Generation 1

Generation 1: 0 percent complete
Generation 1: 10 percent complete
Generation 1: 20 percent complete
Generation 1: 30 percent complete
Generation 1: 40 percent complete
Generation 1: 50 percent complete
Generation 1: 60 percent complete
Generation 1: 70 percent complete
Generation 1: 80 percent complete
Generation 1: 90 percent complete
Generation 1 finished in 37.277247190475464 s and contains:
		50052 new compounds
		64143 new reactions

Done expanding Generation: 1.
----------------------------------------

----------------------------------------
Filtering Generation 1

Applying filter: Atomic Composition
Filtering Generation 1 with atomic composition {'C': [0, 10]}.
38216 of 50066 compounds remain after applying filter: Atomic Composition--took 0.21s.

Done filtering Generation 1
----------------------------------------

----------------------------------------
Filtering Generation 1

Filtering compounds based on match with metabolomics data.
1144 of 39032 compounds selected after Metabolomics filtering of generation 1--took 2.96s.

Done filtering Generation 1
----------------------------------------

----------------------------------------
Expanding Generation 2

Generation 2: 0 percent complete
Generation 2: 10 percent complete
Generation 2: 20 percent complete
Generation 2: 30 percent complete
Generation 2: 40 percent complete
Generation 2: 50 percent complete
Generation 2: 60 percent complete
Generation 2: 70 percent complete
Generation 2: 80 percent complete
Generation 2: 90 percent complete
Generation 2: 100 percent complete
Generation 2 finished in 41.438931703567505 s and contains:
		52846 new compounds
		77872 new reactions

Done expanding Generation: 2.
----------------------------------------

----------------------------------------
Filtering Generation 2

Applying filter: Atomic Composition
Filtering Generation 2 with atomic composition {'C': [0, 10]}.
39149 of 52846 compounds remain after applying filter: Atomic Composition--took 0.26s.

Done filtering Generation 2
----------------------------------------

----------------------------------------
Filtering Generation 2

Filtering compounds based on match with metabolomics data.
12865 of 40458 compounds selected after Metabolomics filtering of generation 2--took 3.04s.

Done filtering Generation 2
----------------------------------------


----------------------------------------
Writing results to ecoli_metab_100t300r200 Database
----------------------------------------

--------------- Reactions --------------
Writing Reactions: Chunk 0 of 4
Wrote Reactions in 1.4396131038665771 seconds.
----------------------------------------

--------------- Compounds --------------
Writing Compounds: Chunk 0 of 3
Wrote Compounds in 6.140539646148682 seconds.

Writing Core Compounds
Writing Compounds: Chunk 0 of 3
Wrote Core Compounds in 41.90587067604065 seconds.
----------------------------------------

No targets to write to MINE.
-------------- Operators ---------------
Done with Operators Overall--took 0.03673052787780762 seconds.
----------------------------------------

-------------- Overall ---------------
Finished uploading everything in 49.524869441986084 sec
----------------------------------------

----------------------------------------
Overall run took 136.92 seconds.
----------------------------------------
